
AVRASM ver. 2.1.30  F:\Electronics\AVR\ADC_init\ADC_init\Debug\List\adc_init.asm Tue Oct 19 16:47:55 2021

F:\Electronics\AVR\ADC_init\ADC_init\Debug\List\adc_init.asm(1088): warning: Register r5 already defined by the .DEF directive
                 
                 
                 ;CodeVisionAVR C Compiler V3.12 Advanced
                 ;(C) Copyright 1998-2014 Pavel Haiduc, HP InfoTech s.r.l.
                 ;http://www.hpinfotech.com
                 
                 ;Build configuration    : Debug
                 ;Chip type              : ATmega16
                 ;Program type           : Application
                 ;Clock frequency        : 8.000000 MHz
                 ;Memory model           : Small
                 ;Optimize for           : Size
                 ;(s)printf features     : int, width
                 ;(s)scanf features      : int, width
                 ;External RAM size      : 0
                 ;Data Stack size        : 256 byte(s)
                 ;Heap size              : 0 byte(s)
                 ;Promote 'char' to 'int': Yes
                 ;'char' is unsigned     : Yes
                 ;8 bit enums            : Yes
                 ;Global 'const' stored in FLASH: Yes
                 ;Enhanced function parameter passing: Yes
                 ;Enhanced core instructions: On
                 ;Automatic register allocation for global variables: On
                 ;Smart register allocation: On
                 
                 	#define _MODEL_SMALL_
                 
                 	#pragma AVRPART ADMIN PART_NAME ATmega16
                 	#pragma AVRPART MEMORY PROG_FLASH 16384
                 	#pragma AVRPART MEMORY EEPROM 512
                 	#pragma AVRPART MEMORY INT_SRAM SIZE 1024
                 	#pragma AVRPART MEMORY INT_SRAM START_ADDR 0x60
                 
                 	#define CALL_SUPPORTED 1
                 
                 	.LISTMAC
                 	.EQU UDRE=0x5
                 	.EQU RXC=0x7
                 	.EQU USR=0xB
                 	.EQU UDR=0xC
                 	.EQU SPSR=0xE
                 	.EQU SPDR=0xF
                 	.EQU EERE=0x0
                 	.EQU EEWE=0x1
                 	.EQU EEMWE=0x2
                 	.EQU EECR=0x1C
                 	.EQU EEDR=0x1D
                 	.EQU EEARL=0x1E
                 	.EQU EEARH=0x1F
                 	.EQU WDTCR=0x21
                 	.EQU MCUCR=0x35
                 	.EQU GICR=0x3B
                 	.EQU SPL=0x3D
                 	.EQU SPH=0x3E
                 	.EQU SREG=0x3F
                 
                 	.DEF R0X0=R0
                 	.DEF R0X1=R1
                 	.DEF R0X2=R2
                 	.DEF R0X3=R3
                 	.DEF R0X4=R4
                 	.DEF R0X5=R5
                 	.DEF R0X6=R6
                 	.DEF R0X7=R7
                 	.DEF R0X8=R8
                 	.DEF R0X9=R9
                 	.DEF R0XA=R10
                 	.DEF R0XB=R11
                 	.DEF R0XC=R12
                 	.DEF R0XD=R13
                 	.DEF R0XE=R14
                 	.DEF R0XF=R15
                 	.DEF R0X10=R16
                 	.DEF R0X11=R17
                 	.DEF R0X12=R18
                 	.DEF R0X13=R19
                 	.DEF R0X14=R20
                 	.DEF R0X15=R21
                 	.DEF R0X16=R22
                 	.DEF R0X17=R23
                 	.DEF R0X18=R24
                 	.DEF R0X19=R25
                 	.DEF R0X1A=R26
                 	.DEF R0X1B=R27
                 	.DEF R0X1C=R28
                 	.DEF R0X1D=R29
                 	.DEF R0X1E=R30
                 	.DEF R0X1F=R31
                 
                 	.EQU __SRAM_START=0x0060
                 	.EQU __SRAM_END=0x045F
                 	.EQU __DSTACK_SIZE=0x0100
                 	.EQU __HEAP_SIZE=0x0000
                 	.EQU __CLEAR_SRAM_SIZE=__SRAM_END-__SRAM_START+1
                 
                 	.MACRO __CPD1N
                 	CPI  R30,LOW(@0)
                 	LDI  R26,HIGH(@0)
                 	CPC  R31,R26
                 	LDI  R26,BYTE3(@0)
                 	CPC  R22,R26
                 	LDI  R26,BYTE4(@0)
                 	CPC  R23,R26
                 	.ENDM
                 
                 	.MACRO __CPD2N
                 	CPI  R26,LOW(@0)
                 	LDI  R30,HIGH(@0)
                 	CPC  R27,R30
                 	LDI  R30,BYTE3(@0)
                 	CPC  R24,R30
                 	LDI  R30,BYTE4(@0)
                 	CPC  R25,R30
                 	.ENDM
                 
                 	.MACRO __CPWRR
                 	CP   R@0,R@2
                 	CPC  R@1,R@3
                 	.ENDM
                 
                 	.MACRO __CPWRN
                 	CPI  R@0,LOW(@2)
                 	LDI  R30,HIGH(@2)
                 	CPC  R@1,R30
                 	.ENDM
                 
                 	.MACRO __ADDB1MN
                 	SUBI R30,LOW(-@0-(@1))
                 	.ENDM
                 
                 	.MACRO __ADDB2MN
                 	SUBI R26,LOW(-@0-(@1))
                 	.ENDM
                 
                 	.MACRO __ADDW1MN
                 	SUBI R30,LOW(-@0-(@1))
                 	SBCI R31,HIGH(-@0-(@1))
                 	.ENDM
                 
                 	.MACRO __ADDW2MN
                 	SUBI R26,LOW(-@0-(@1))
                 	SBCI R27,HIGH(-@0-(@1))
                 	.ENDM
                 
                 	.MACRO __ADDW1FN
                 	SUBI R30,LOW(-2*@0-(@1))
                 	SBCI R31,HIGH(-2*@0-(@1))
                 	.ENDM
                 
                 	.MACRO __ADDD1FN
                 	SUBI R30,LOW(-2*@0-(@1))
                 	SBCI R31,HIGH(-2*@0-(@1))
                 	SBCI R22,BYTE3(-2*@0-(@1))
                 	.ENDM
                 
                 	.MACRO __ADDD1N
                 	SUBI R30,LOW(-@0)
                 	SBCI R31,HIGH(-@0)
                 	SBCI R22,BYTE3(-@0)
                 	SBCI R23,BYTE4(-@0)
                 	.ENDM
                 
                 	.MACRO __ADDD2N
                 	SUBI R26,LOW(-@0)
                 	SBCI R27,HIGH(-@0)
                 	SBCI R24,BYTE3(-@0)
                 	SBCI R25,BYTE4(-@0)
                 	.ENDM
                 
                 	.MACRO __SUBD1N
                 	SUBI R30,LOW(@0)
                 	SBCI R31,HIGH(@0)
                 	SBCI R22,BYTE3(@0)
                 	SBCI R23,BYTE4(@0)
                 	.ENDM
                 
                 	.MACRO __SUBD2N
                 	SUBI R26,LOW(@0)
                 	SBCI R27,HIGH(@0)
                 	SBCI R24,BYTE3(@0)
                 	SBCI R25,BYTE4(@0)
                 	.ENDM
                 
                 	.MACRO __ANDBMNN
                 	LDS  R30,@0+(@1)
                 	ANDI R30,LOW(@2)
                 	STS  @0+(@1),R30
                 	.ENDM
                 
                 	.MACRO __ANDWMNN
                 	LDS  R30,@0+(@1)
                 	ANDI R30,LOW(@2)
                 	STS  @0+(@1),R30
                 	LDS  R30,@0+(@1)+1
                 	ANDI R30,HIGH(@2)
                 	STS  @0+(@1)+1,R30
                 	.ENDM
                 
                 	.MACRO __ANDD1N
                 	ANDI R30,LOW(@0)
                 	ANDI R31,HIGH(@0)
                 	ANDI R22,BYTE3(@0)
                 	ANDI R23,BYTE4(@0)
                 	.ENDM
                 
                 	.MACRO __ANDD2N
                 	ANDI R26,LOW(@0)
                 	ANDI R27,HIGH(@0)
                 	ANDI R24,BYTE3(@0)
                 	ANDI R25,BYTE4(@0)
                 	.ENDM
                 
                 	.MACRO __ORBMNN
                 	LDS  R30,@0+(@1)
                 	ORI  R30,LOW(@2)
                 	STS  @0+(@1),R30
                 	.ENDM
                 
                 	.MACRO __ORWMNN
                 	LDS  R30,@0+(@1)
                 	ORI  R30,LOW(@2)
                 	STS  @0+(@1),R30
                 	LDS  R30,@0+(@1)+1
                 	ORI  R30,HIGH(@2)
                 	STS  @0+(@1)+1,R30
                 	.ENDM
                 
                 	.MACRO __ORD1N
                 	ORI  R30,LOW(@0)
                 	ORI  R31,HIGH(@0)
                 	ORI  R22,BYTE3(@0)
                 	ORI  R23,BYTE4(@0)
                 	.ENDM
                 
                 	.MACRO __ORD2N
                 	ORI  R26,LOW(@0)
                 	ORI  R27,HIGH(@0)
                 	ORI  R24,BYTE3(@0)
                 	ORI  R25,BYTE4(@0)
                 	.ENDM
                 
                 	.MACRO __DELAY_USB
                 	LDI  R24,LOW(@0)
                 __DELAY_USB_LOOP:
                 	DEC  R24
                 	BRNE __DELAY_USB_LOOP
                 	.ENDM
                 
                 	.MACRO __DELAY_USW
                 	LDI  R24,LOW(@0)
                 	LDI  R25,HIGH(@0)
                 __DELAY_USW_LOOP:
                 	SBIW R24,1
                 	BRNE __DELAY_USW_LOOP
                 	.ENDM
                 
                 	.MACRO __GETD1S
                 	LDD  R30,Y+@0
                 	LDD  R31,Y+@0+1
                 	LDD  R22,Y+@0+2
                 	LDD  R23,Y+@0+3
                 	.ENDM
                 
                 	.MACRO __GETD2S
                 	LDD  R26,Y+@0
                 	LDD  R27,Y+@0+1
                 	LDD  R24,Y+@0+2
                 	LDD  R25,Y+@0+3
                 	.ENDM
                 
                 	.MACRO __PUTD1S
                 	STD  Y+@0,R30
                 	STD  Y+@0+1,R31
                 	STD  Y+@0+2,R22
                 	STD  Y+@0+3,R23
                 	.ENDM
                 
                 	.MACRO __PUTD2S
                 	STD  Y+@0,R26
                 	STD  Y+@0+1,R27
                 	STD  Y+@0+2,R24
                 	STD  Y+@0+3,R25
                 	.ENDM
                 
                 	.MACRO __PUTDZ2
                 	STD  Z+@0,R26
                 	STD  Z+@0+1,R27
                 	STD  Z+@0+2,R24
                 	STD  Z+@0+3,R25
                 	.ENDM
                 
                 	.MACRO __CLRD1S
                 	STD  Y+@0,R30
                 	STD  Y+@0+1,R30
                 	STD  Y+@0+2,R30
                 	STD  Y+@0+3,R30
                 	.ENDM
                 
                 	.MACRO __POINTB1MN
                 	LDI  R30,LOW(@0+(@1))
                 	.ENDM
                 
                 	.MACRO __POINTW1MN
                 	LDI  R30,LOW(@0+(@1))
                 	LDI  R31,HIGH(@0+(@1))
                 	.ENDM
                 
                 	.MACRO __POINTD1M
                 	LDI  R30,LOW(@0)
                 	LDI  R31,HIGH(@0)
                 	LDI  R22,BYTE3(@0)
                 	LDI  R23,BYTE4(@0)
                 	.ENDM
                 
                 	.MACRO __POINTW1FN
                 	LDI  R30,LOW(2*@0+(@1))
                 	LDI  R31,HIGH(2*@0+(@1))
                 	.ENDM
                 
                 	.MACRO __POINTD1FN
                 	LDI  R30,LOW(2*@0+(@1))
                 	LDI  R31,HIGH(2*@0+(@1))
                 	LDI  R22,BYTE3(2*@0+(@1))
                 	LDI  R23,BYTE4(2*@0+(@1))
                 	.ENDM
                 
                 	.MACRO __POINTB2MN
                 	LDI  R26,LOW(@0+(@1))
                 	.ENDM
                 
                 	.MACRO __POINTW2MN
                 	LDI  R26,LOW(@0+(@1))
                 	LDI  R27,HIGH(@0+(@1))
                 	.ENDM
                 
                 	.MACRO __POINTW2FN
                 	LDI  R26,LOW(2*@0+(@1))
                 	LDI  R27,HIGH(2*@0+(@1))
                 	.ENDM
                 
                 	.MACRO __POINTD2FN
                 	LDI  R26,LOW(2*@0+(@1))
                 	LDI  R27,HIGH(2*@0+(@1))
                 	LDI  R24,BYTE3(2*@0+(@1))
                 	LDI  R25,BYTE4(2*@0+(@1))
                 	.ENDM
                 
                 	.MACRO __POINTBRM
                 	LDI  R@0,LOW(@1)
                 	.ENDM
                 
                 	.MACRO __POINTWRM
                 	LDI  R@0,LOW(@2)
                 	LDI  R@1,HIGH(@2)
                 	.ENDM
                 
                 	.MACRO __POINTBRMN
                 	LDI  R@0,LOW(@1+(@2))
                 	.ENDM
                 
                 	.MACRO __POINTWRMN
                 	LDI  R@0,LOW(@2+(@3))
                 	LDI  R@1,HIGH(@2+(@3))
                 	.ENDM
                 
                 	.MACRO __POINTWRFN
                 	LDI  R@0,LOW(@2*2+(@3))
                 	LDI  R@1,HIGH(@2*2+(@3))
                 	.ENDM
                 
                 	.MACRO __GETD1N
                 	LDI  R30,LOW(@0)
                 	LDI  R31,HIGH(@0)
                 	LDI  R22,BYTE3(@0)
                 	LDI  R23,BYTE4(@0)
                 	.ENDM
                 
                 	.MACRO __GETD2N
                 	LDI  R26,LOW(@0)
                 	LDI  R27,HIGH(@0)
                 	LDI  R24,BYTE3(@0)
                 	LDI  R25,BYTE4(@0)
                 	.ENDM
                 
                 	.MACRO __GETB1MN
                 	LDS  R30,@0+(@1)
                 	.ENDM
                 
                 	.MACRO __GETB1HMN
                 	LDS  R31,@0+(@1)
                 	.ENDM
                 
                 	.MACRO __GETW1MN
                 	LDS  R30,@0+(@1)
                 	LDS  R31,@0+(@1)+1
                 	.ENDM
                 
                 	.MACRO __GETD1MN
                 	LDS  R30,@0+(@1)
                 	LDS  R31,@0+(@1)+1
                 	LDS  R22,@0+(@1)+2
                 	LDS  R23,@0+(@1)+3
                 	.ENDM
                 
                 	.MACRO __GETBRMN
                 	LDS  R@0,@1+(@2)
                 	.ENDM
                 
                 	.MACRO __GETWRMN
                 	LDS  R@0,@2+(@3)
                 	LDS  R@1,@2+(@3)+1
                 	.ENDM
                 
                 	.MACRO __GETWRZ
                 	LDD  R@0,Z+@2
                 	LDD  R@1,Z+@2+1
                 	.ENDM
                 
                 	.MACRO __GETD2Z
                 	LDD  R26,Z+@0
                 	LDD  R27,Z+@0+1
                 	LDD  R24,Z+@0+2
                 	LDD  R25,Z+@0+3
                 	.ENDM
                 
                 	.MACRO __GETB2MN
                 	LDS  R26,@0+(@1)
                 	.ENDM
                 
                 	.MACRO __GETW2MN
                 	LDS  R26,@0+(@1)
                 	LDS  R27,@0+(@1)+1
                 	.ENDM
                 
                 	.MACRO __GETD2MN
                 	LDS  R26,@0+(@1)
                 	LDS  R27,@0+(@1)+1
                 	LDS  R24,@0+(@1)+2
                 	LDS  R25,@0+(@1)+3
                 	.ENDM
                 
                 	.MACRO __PUTB1MN
                 	STS  @0+(@1),R30
                 	.ENDM
                 
                 	.MACRO __PUTW1MN
                 	STS  @0+(@1),R30
                 	STS  @0+(@1)+1,R31
                 	.ENDM
                 
                 	.MACRO __PUTD1MN
                 	STS  @0+(@1),R30
                 	STS  @0+(@1)+1,R31
                 	STS  @0+(@1)+2,R22
                 	STS  @0+(@1)+3,R23
                 	.ENDM
                 
                 	.MACRO __PUTB1EN
                 	LDI  R26,LOW(@0+(@1))
                 	LDI  R27,HIGH(@0+(@1))
                 	CALL __EEPROMWRB
                 	.ENDM
                 
                 	.MACRO __PUTW1EN
                 	LDI  R26,LOW(@0+(@1))
                 	LDI  R27,HIGH(@0+(@1))
                 	CALL __EEPROMWRW
                 	.ENDM
                 
                 	.MACRO __PUTD1EN
                 	LDI  R26,LOW(@0+(@1))
                 	LDI  R27,HIGH(@0+(@1))
                 	CALL __EEPROMWRD
                 	.ENDM
                 
                 	.MACRO __PUTBR0MN
                 	STS  @0+(@1),R0
                 	.ENDM
                 
                 	.MACRO __PUTBMRN
                 	STS  @0+(@1),R@2
                 	.ENDM
                 
                 	.MACRO __PUTWMRN
                 	STS  @0+(@1),R@2
                 	STS  @0+(@1)+1,R@3
                 	.ENDM
                 
                 	.MACRO __PUTBZR
                 	STD  Z+@1,R@0
                 	.ENDM
                 
                 	.MACRO __PUTWZR
                 	STD  Z+@2,R@0
                 	STD  Z+@2+1,R@1
                 	.ENDM
                 
                 	.MACRO __GETW1R
                 	MOV  R30,R@0
                 	MOV  R31,R@1
                 	.ENDM
                 
                 	.MACRO __GETW2R
                 	MOV  R26,R@0
                 	MOV  R27,R@1
                 	.ENDM
                 
                 	.MACRO __GETWRN
                 	LDI  R@0,LOW(@2)
                 	LDI  R@1,HIGH(@2)
                 	.ENDM
                 
                 	.MACRO __PUTW1R
                 	MOV  R@0,R30
                 	MOV  R@1,R31
                 	.ENDM
                 
                 	.MACRO __PUTW2R
                 	MOV  R@0,R26
                 	MOV  R@1,R27
                 	.ENDM
                 
                 	.MACRO __ADDWRN
                 	SUBI R@0,LOW(-@2)
                 	SBCI R@1,HIGH(-@2)
                 	.ENDM
                 
                 	.MACRO __ADDWRR
                 	ADD  R@0,R@2
                 	ADC  R@1,R@3
                 	.ENDM
                 
                 	.MACRO __SUBWRN
                 	SUBI R@0,LOW(@2)
                 	SBCI R@1,HIGH(@2)
                 	.ENDM
                 
                 	.MACRO __SUBWRR
                 	SUB  R@0,R@2
                 	SBC  R@1,R@3
                 	.ENDM
                 
                 	.MACRO __ANDWRN
                 	ANDI R@0,LOW(@2)
                 	ANDI R@1,HIGH(@2)
                 	.ENDM
                 
                 	.MACRO __ANDWRR
                 	AND  R@0,R@2
                 	AND  R@1,R@3
                 	.ENDM
                 
                 	.MACRO __ORWRN
                 	ORI  R@0,LOW(@2)
                 	ORI  R@1,HIGH(@2)
                 	.ENDM
                 
                 	.MACRO __ORWRR
                 	OR   R@0,R@2
                 	OR   R@1,R@3
                 	.ENDM
                 
                 	.MACRO __EORWRR
                 	EOR  R@0,R@2
                 	EOR  R@1,R@3
                 	.ENDM
                 
                 	.MACRO __GETWRS
                 	LDD  R@0,Y+@2
                 	LDD  R@1,Y+@2+1
                 	.ENDM
                 
                 	.MACRO __PUTBSR
                 	STD  Y+@1,R@0
                 	.ENDM
                 
                 	.MACRO __PUTWSR
                 	STD  Y+@2,R@0
                 	STD  Y+@2+1,R@1
                 	.ENDM
                 
                 	.MACRO __MOVEWRR
                 	MOV  R@0,R@2
                 	MOV  R@1,R@3
                 	.ENDM
                 
                 	.MACRO __INWR
                 	IN   R@0,@2
                 	IN   R@1,@2+1
                 	.ENDM
                 
                 	.MACRO __OUTWR
                 	OUT  @2+1,R@1
                 	OUT  @2,R@0
                 	.ENDM
                 
                 	.MACRO __CALL1MN
                 	LDS  R30,@0+(@1)
                 	LDS  R31,@0+(@1)+1
                 	ICALL
                 	.ENDM
                 
                 	.MACRO __CALL1FN
                 	LDI  R30,LOW(2*@0+(@1))
                 	LDI  R31,HIGH(2*@0+(@1))
                 	CALL __GETW1PF
                 	ICALL
                 	.ENDM
                 
                 	.MACRO __CALL2EN
                 	PUSH R26
                 	PUSH R27
                 	LDI  R26,LOW(@0+(@1))
                 	LDI  R27,HIGH(@0+(@1))
                 	CALL __EEPROMRDW
                 	POP  R27
                 	POP  R26
                 	ICALL
                 	.ENDM
                 
                 	.MACRO __CALL2EX
                 	SUBI R26,LOW(-@0)
                 	SBCI R27,HIGH(-@0)
                 	CALL __EEPROMRDD
                 	ICALL
                 	.ENDM
                 
                 	.MACRO __GETW1STACK
                 	IN   R30,SPL
                 	IN   R31,SPH
                 	ADIW R30,@0+1
                 	LD   R0,Z+
                 	LD   R31,Z
                 	MOV  R30,R0
                 	.ENDM
                 
                 	.MACRO __GETD1STACK
                 	IN   R30,SPL
                 	IN   R31,SPH
                 	ADIW R30,@0+1
                 	LD   R0,Z+
                 	LD   R1,Z+
                 	LD   R22,Z
                 	MOVW R30,R0
                 	.ENDM
                 
                 	.MACRO __NBST
                 	BST  R@0,@1
                 	IN   R30,SREG
                 	LDI  R31,0x40
                 	EOR  R30,R31
                 	OUT  SREG,R30
                 	.ENDM
                 
                 
                 	.MACRO __PUTB1SN
                 	LDD  R26,Y+@0
                 	LDD  R27,Y+@0+1
                 	SUBI R26,LOW(-@1)
                 	SBCI R27,HIGH(-@1)
                 	ST   X,R30
                 	.ENDM
                 
                 	.MACRO __PUTW1SN
                 	LDD  R26,Y+@0
                 	LDD  R27,Y+@0+1
                 	SUBI R26,LOW(-@1)
                 	SBCI R27,HIGH(-@1)
                 	ST   X+,R30
                 	ST   X,R31
                 	.ENDM
                 
                 	.MACRO __PUTD1SN
                 	LDD  R26,Y+@0
                 	LDD  R27,Y+@0+1
                 	SUBI R26,LOW(-@1)
                 	SBCI R27,HIGH(-@1)
                 	CALL __PUTDP1
                 	.ENDM
                 
                 	.MACRO __PUTB1SNS
                 	LDD  R26,Y+@0
                 	LDD  R27,Y+@0+1
                 	ADIW R26,@1
                 	ST   X,R30
                 	.ENDM
                 
                 	.MACRO __PUTW1SNS
                 	LDD  R26,Y+@0
                 	LDD  R27,Y+@0+1
                 	ADIW R26,@1
                 	ST   X+,R30
                 	ST   X,R31
                 	.ENDM
                 
                 	.MACRO __PUTD1SNS
                 	LDD  R26,Y+@0
                 	LDD  R27,Y+@0+1
                 	ADIW R26,@1
                 	CALL __PUTDP1
                 	.ENDM
                 
                 	.MACRO __PUTB1PMN
                 	LDS  R26,@0
                 	LDS  R27,@0+1
                 	SUBI R26,LOW(-@1)
                 	SBCI R27,HIGH(-@1)
                 	ST   X,R30
                 	.ENDM
                 
                 	.MACRO __PUTW1PMN
                 	LDS  R26,@0
                 	LDS  R27,@0+1
                 	SUBI R26,LOW(-@1)
                 	SBCI R27,HIGH(-@1)
                 	ST   X+,R30
                 	ST   X,R31
                 	.ENDM
                 
                 	.MACRO __PUTD1PMN
                 	LDS  R26,@0
                 	LDS  R27,@0+1
                 	SUBI R26,LOW(-@1)
                 	SBCI R27,HIGH(-@1)
                 	CALL __PUTDP1
                 	.ENDM
                 
                 	.MACRO __PUTB1PMNS
                 	LDS  R26,@0
                 	LDS  R27,@0+1
                 	ADIW R26,@1
                 	ST   X,R30
                 	.ENDM
                 
                 	.MACRO __PUTW1PMNS
                 	LDS  R26,@0
                 	LDS  R27,@0+1
                 	ADIW R26,@1
                 	ST   X+,R30
                 	ST   X,R31
                 	.ENDM
                 
                 	.MACRO __PUTD1PMNS
                 	LDS  R26,@0
                 	LDS  R27,@0+1
                 	ADIW R26,@1
                 	CALL __PUTDP1
                 	.ENDM
                 
                 	.MACRO __PUTB1RN
                 	MOVW R26,R@0
                 	SUBI R26,LOW(-@1)
                 	SBCI R27,HIGH(-@1)
                 	ST   X,R30
                 	.ENDM
                 
                 	.MACRO __PUTW1RN
                 	MOVW R26,R@0
                 	SUBI R26,LOW(-@1)
                 	SBCI R27,HIGH(-@1)
                 	ST   X+,R30
                 	ST   X,R31
                 	.ENDM
                 
                 	.MACRO __PUTD1RN
                 	MOVW R26,R@0
                 	SUBI R26,LOW(-@1)
                 	SBCI R27,HIGH(-@1)
                 	CALL __PUTDP1
                 	.ENDM
                 
                 	.MACRO __PUTB1RNS
                 	MOVW R26,R@0
                 	ADIW R26,@1
                 	ST   X,R30
                 	.ENDM
                 
                 	.MACRO __PUTW1RNS
                 	MOVW R26,R@0
                 	ADIW R26,@1
                 	ST   X+,R30
                 	ST   X,R31
                 	.ENDM
                 
                 	.MACRO __PUTD1RNS
                 	MOVW R26,R@0
                 	ADIW R26,@1
                 	CALL __PUTDP1
                 	.ENDM
                 
                 	.MACRO __PUTB1RON
                 	MOV  R26,R@0
                 	MOV  R27,R@1
                 	SUBI R26,LOW(-@2)
                 	SBCI R27,HIGH(-@2)
                 	ST   X,R30
                 	.ENDM
                 
                 	.MACRO __PUTW1RON
                 	MOV  R26,R@0
                 	MOV  R27,R@1
                 	SUBI R26,LOW(-@2)
                 	SBCI R27,HIGH(-@2)
                 	ST   X+,R30
                 	ST   X,R31
                 	.ENDM
                 
                 	.MACRO __PUTD1RON
                 	MOV  R26,R@0
                 	MOV  R27,R@1
                 	SUBI R26,LOW(-@2)
                 	SBCI R27,HIGH(-@2)
                 	CALL __PUTDP1
                 	.ENDM
                 
                 	.MACRO __PUTB1RONS
                 	MOV  R26,R@0
                 	MOV  R27,R@1
                 	ADIW R26,@2
                 	ST   X,R30
                 	.ENDM
                 
                 	.MACRO __PUTW1RONS
                 	MOV  R26,R@0
                 	MOV  R27,R@1
                 	ADIW R26,@2
                 	ST   X+,R30
                 	ST   X,R31
                 	.ENDM
                 
                 	.MACRO __PUTD1RONS
                 	MOV  R26,R@0
                 	MOV  R27,R@1
                 	ADIW R26,@2
                 	CALL __PUTDP1
                 	.ENDM
                 
                 
                 	.MACRO __GETB1SX
                 	MOVW R30,R28
                 	SUBI R30,LOW(-@0)
                 	SBCI R31,HIGH(-@0)
                 	LD   R30,Z
                 	.ENDM
                 
                 	.MACRO __GETB1HSX
                 	MOVW R30,R28
                 	SUBI R30,LOW(-@0)
                 	SBCI R31,HIGH(-@0)
                 	LD   R31,Z
                 	.ENDM
                 
                 	.MACRO __GETW1SX
                 	MOVW R30,R28
                 	SUBI R30,LOW(-@0)
                 	SBCI R31,HIGH(-@0)
                 	LD   R0,Z+
                 	LD   R31,Z
                 	MOV  R30,R0
                 	.ENDM
                 
                 	.MACRO __GETD1SX
                 	MOVW R30,R28
                 	SUBI R30,LOW(-@0)
                 	SBCI R31,HIGH(-@0)
                 	LD   R0,Z+
                 	LD   R1,Z+
                 	LD   R22,Z+
                 	LD   R23,Z
                 	MOVW R30,R0
                 	.ENDM
                 
                 	.MACRO __GETB2SX
                 	MOVW R26,R28
                 	SUBI R26,LOW(-@0)
                 	SBCI R27,HIGH(-@0)
                 	LD   R26,X
                 	.ENDM
                 
                 	.MACRO __GETW2SX
                 	MOVW R26,R28
                 	SUBI R26,LOW(-@0)
                 	SBCI R27,HIGH(-@0)
                 	LD   R0,X+
                 	LD   R27,X
                 	MOV  R26,R0
                 	.ENDM
                 
                 	.MACRO __GETD2SX
                 	MOVW R26,R28
                 	SUBI R26,LOW(-@0)
                 	SBCI R27,HIGH(-@0)
                 	LD   R0,X+
                 	LD   R1,X+
                 	LD   R24,X+
                 	LD   R25,X
                 	MOVW R26,R0
                 	.ENDM
                 
                 	.MACRO __GETBRSX
                 	MOVW R30,R28
                 	SUBI R30,LOW(-@1)
                 	SBCI R31,HIGH(-@1)
                 	LD   R@0,Z
                 	.ENDM
                 
                 	.MACRO __GETWRSX
                 	MOVW R30,R28
                 	SUBI R30,LOW(-@2)
                 	SBCI R31,HIGH(-@2)
                 	LD   R@0,Z+
                 	LD   R@1,Z
                 	.ENDM
                 
                 	.MACRO __GETBRSX2
                 	MOVW R26,R28
                 	SUBI R26,LOW(-@1)
                 	SBCI R27,HIGH(-@1)
                 	LD   R@0,X
                 	.ENDM
                 
                 	.MACRO __GETWRSX2
                 	MOVW R26,R28
                 	SUBI R26,LOW(-@2)
                 	SBCI R27,HIGH(-@2)
                 	LD   R@0,X+
                 	LD   R@1,X
                 	.ENDM
                 
                 	.MACRO __LSLW8SX
                 	MOVW R30,R28
                 	SUBI R30,LOW(-@0)
                 	SBCI R31,HIGH(-@0)
                 	LD   R31,Z
                 	CLR  R30
                 	.ENDM
                 
                 	.MACRO __PUTB1SX
                 	MOVW R26,R28
                 	SUBI R26,LOW(-@0)
                 	SBCI R27,HIGH(-@0)
                 	ST   X,R30
                 	.ENDM
                 
                 	.MACRO __PUTW1SX
                 	MOVW R26,R28
                 	SUBI R26,LOW(-@0)
                 	SBCI R27,HIGH(-@0)
                 	ST   X+,R30
                 	ST   X,R31
                 	.ENDM
                 
                 	.MACRO __PUTD1SX
                 	MOVW R26,R28
                 	SUBI R26,LOW(-@0)
                 	SBCI R27,HIGH(-@0)
                 	ST   X+,R30
                 	ST   X+,R31
                 	ST   X+,R22
                 	ST   X,R23
                 	.ENDM
                 
                 	.MACRO __CLRW1SX
                 	MOVW R26,R28
                 	SUBI R26,LOW(-@0)
                 	SBCI R27,HIGH(-@0)
                 	ST   X+,R30
                 	ST   X,R30
                 	.ENDM
                 
                 	.MACRO __CLRD1SX
                 	MOVW R26,R28
                 	SUBI R26,LOW(-@0)
                 	SBCI R27,HIGH(-@0)
                 	ST   X+,R30
                 	ST   X+,R30
                 	ST   X+,R30
                 	ST   X,R30
                 	.ENDM
                 
                 	.MACRO __PUTB2SX
                 	MOVW R30,R28
                 	SUBI R30,LOW(-@0)
                 	SBCI R31,HIGH(-@0)
                 	ST   Z,R26
                 	.ENDM
                 
                 	.MACRO __PUTW2SX
                 	MOVW R30,R28
                 	SUBI R30,LOW(-@0)
                 	SBCI R31,HIGH(-@0)
                 	ST   Z+,R26
                 	ST   Z,R27
                 	.ENDM
                 
                 	.MACRO __PUTD2SX
                 	MOVW R30,R28
                 	SUBI R30,LOW(-@0)
                 	SBCI R31,HIGH(-@0)
                 	ST   Z+,R26
                 	ST   Z+,R27
                 	ST   Z+,R24
                 	ST   Z,R25
                 	.ENDM
                 
                 	.MACRO __PUTBSRX
                 	MOVW R30,R28
                 	SUBI R30,LOW(-@1)
                 	SBCI R31,HIGH(-@1)
                 	ST   Z,R@0
                 	.ENDM
                 
                 	.MACRO __PUTWSRX
                 	MOVW R30,R28
                 	SUBI R30,LOW(-@2)
                 	SBCI R31,HIGH(-@2)
                 	ST   Z+,R@0
                 	ST   Z,R@1
                 	.ENDM
                 
                 	.MACRO __PUTB1SNX
                 	MOVW R26,R28
                 	SUBI R26,LOW(-@0)
                 	SBCI R27,HIGH(-@0)
                 	LD   R0,X+
                 	LD   R27,X
                 	MOV  R26,R0
                 	SUBI R26,LOW(-@1)
                 	SBCI R27,HIGH(-@1)
                 	ST   X,R30
                 	.ENDM
                 
                 	.MACRO __PUTW1SNX
                 	MOVW R26,R28
                 	SUBI R26,LOW(-@0)
                 	SBCI R27,HIGH(-@0)
                 	LD   R0,X+
                 	LD   R27,X
                 	MOV  R26,R0
                 	SUBI R26,LOW(-@1)
                 	SBCI R27,HIGH(-@1)
                 	ST   X+,R30
                 	ST   X,R31
                 	.ENDM
                 
                 	.MACRO __PUTD1SNX
                 	MOVW R26,R28
                 	SUBI R26,LOW(-@0)
                 	SBCI R27,HIGH(-@0)
                 	LD   R0,X+
                 	LD   R27,X
                 	MOV  R26,R0
                 	SUBI R26,LOW(-@1)
                 	SBCI R27,HIGH(-@1)
                 	ST   X+,R30
                 	ST   X+,R31
                 	ST   X+,R22
                 	ST   X,R23
                 	.ENDM
                 
                 	.MACRO __MULBRR
                 	MULS R@0,R@1
                 	MOVW R30,R0
                 	.ENDM
                 
                 	.MACRO __MULBRRU
                 	MUL  R@0,R@1
                 	MOVW R30,R0
                 	.ENDM
                 
                 	.MACRO __MULBRR0
                 	MULS R@0,R@1
                 	.ENDM
                 
                 	.MACRO __MULBRRU0
                 	MUL  R@0,R@1
                 	.ENDM
                 
                 	.MACRO __MULBNWRU
                 	LDI  R26,@2
                 	MUL  R26,R@0
                 	MOVW R30,R0
                 	MUL  R26,R@1
                 	ADD  R31,R0
                 	.ENDM
                 
                 ;NAME DEFINITIONS FOR GLOBAL VARIABLES ALLOCATED TO REGISTERS
                 	.DEF _dienap=R5
                 
                 	.CSEG
                 	.ORG 0x00
                 
                 ;START OF CODE MARKER
                 __START_OF_CODE:
                 
                 ;INTERRUPT VECTORS
000000 940c 003b 	JMP  __RESET
000002 940c 0000 	JMP  0x00
000004 940c 0000 	JMP  0x00
000006 940c 0000 	JMP  0x00
000008 940c 0000 	JMP  0x00
00000a 940c 0000 	JMP  0x00
00000c 940c 0000 	JMP  0x00
00000e 940c 0000 	JMP  0x00
000010 940c 0000 	JMP  0x00
000012 940c 0000 	JMP  0x00
000014 940c 0000 	JMP  0x00
000016 940c 0000 	JMP  0x00
000018 940c 0000 	JMP  0x00
00001a 940c 0000 	JMP  0x00
00001c 940c 00aa 	JMP  _adc_isr
00001e 940c 0000 	JMP  0x00
000020 940c 0000 	JMP  0x00
000022 940c 0000 	JMP  0x00
000024 940c 0000 	JMP  0x00
000026 940c 0000 	JMP  0x00
000028 940c 0000 	JMP  0x00
                 
                 _0x3:
00002a f9c0
00002b b0a4
00002c 9299
00002d f882      	.DB  0xC0,0xF9,0xA4,0xB0,0x99,0x92,0x82,0xF8
00002e 9080      	.DB  0x80,0x90
                 _0x4:
00002f 7940
000030 3024
000031 1219
000032 7802      	.DB  0x40,0x79,0x24,0x30,0x19,0x12,0x2,0x78
000033 1000      	.DB  0x0,0x10
                 
                 __GLOBAL_INI_TBL:
000034 000a      	.DW  0x0A
000035 0160      	.DW  _number
000036 0054      	.DW  _0x3*2
                 
000037 000a      	.DW  0x0A
000038 016a      	.DW  _number1
000039 005e      	.DW  _0x4*2
                 
                 _0xFFFFFFFF:
00003a 0000      	.DW  0
                 
                 #define __GLOBAL_INI_TBL_PRESENT 1
                 
                 __RESET:
00003b 94f8      	CLI
00003c 27ee      	CLR  R30
00003d bbec      	OUT  EECR,R30
                 
                 ;INTERRUPT VECTORS ARE PLACED
                 ;AT THE START OF FLASH
00003e e0f1      	LDI  R31,1
00003f bffb      	OUT  GICR,R31
000040 bfeb      	OUT  GICR,R30
000041 bfe5      	OUT  MCUCR,R30
                 
                 ;CLEAR R2-R14
000042 e08d      	LDI  R24,(14-2)+1
000043 e0a2      	LDI  R26,2
000044 27bb      	CLR  R27
                 __CLEAR_REG:
000045 93ed      	ST   X+,R30
000046 958a      	DEC  R24
000047 f7e9      	BRNE __CLEAR_REG
                 
                 ;CLEAR SRAM
000048 e080      	LDI  R24,LOW(__CLEAR_SRAM_SIZE)
000049 e094      	LDI  R25,HIGH(__CLEAR_SRAM_SIZE)
00004a e6a0      	LDI  R26,__SRAM_START
                 __CLEAR_SRAM:
00004b 93ed      	ST   X+,R30
00004c 9701      	SBIW R24,1
00004d f7e9      	BRNE __CLEAR_SRAM
                 
                 ;GLOBAL VARIABLES INITIALIZATION
00004e e6e8      	LDI  R30,LOW(__GLOBAL_INI_TBL*2)
00004f e0f0      	LDI  R31,HIGH(__GLOBAL_INI_TBL*2)
                 __GLOBAL_INI_NEXT:
000050 9185      	LPM  R24,Z+
000051 9195      	LPM  R25,Z+
000052 9700      	SBIW R24,0
000053 f061      	BREQ __GLOBAL_INI_END
000054 91a5      	LPM  R26,Z+
000055 91b5      	LPM  R27,Z+
000056 9005      	LPM  R0,Z+
000057 9015      	LPM  R1,Z+
000058 01bf      	MOVW R22,R30
000059 01f0      	MOVW R30,R0
                 __GLOBAL_INI_LOOP:
00005a 9005      	LPM  R0,Z+
00005b 920d      	ST   X+,R0
00005c 9701      	SBIW R24,1
00005d f7e1      	BRNE __GLOBAL_INI_LOOP
00005e 01fb      	MOVW R30,R22
00005f cff0      	RJMP __GLOBAL_INI_NEXT
                 __GLOBAL_INI_END:
                 
                 ;HARDWARE STACK POINTER INITIALIZATION
000060 e5ef      	LDI  R30,LOW(__SRAM_END-__HEAP_SIZE)
000061 bfed      	OUT  SPL,R30
000062 e0e4      	LDI  R30,HIGH(__SRAM_END-__HEAP_SIZE)
000063 bfee      	OUT  SPH,R30
                 
                 ;DATA STACK POINTER INITIALIZATION
000064 e6c0      	LDI  R28,LOW(__SRAM_START+__DSTACK_SIZE)
000065 e0d1      	LDI  R29,HIGH(__SRAM_START+__DSTACK_SIZE)
                 
000066 940c 00d0 	JMP  _main
                 
                 	.ESEG
                 	.ORG 0
                 
                 	.DSEG
                 	.ORG 0x160
                 
                 	.CSEG
                 ;#include <mega16.h>
                 	#ifndef __SLEEP_DEFINED__
                 	#define __SLEEP_DEFINED__
                 	.EQU __se_bit=0x40
                 	.EQU __sm_mask=0xB0
                 	.EQU __sm_powerdown=0x20
                 	.EQU __sm_powersave=0x30
                 	.EQU __sm_standby=0xA0
                 	.EQU __sm_ext_standby=0xB0
                 	.EQU __sm_adc_noise_red=0x10
                 	.SET power_ctrl_reg=mcucr
                 	#endif
                 ;#include <delay.h>
                 ;
                 ;#define FIRST_ADC_INPUT 0
                 ;#define LAST_ADC_INPUT 0
                 ;
                 ;#define DK1     PORTC.4
                 ;#define DK2     PORTC.5
                 ;#define DK3     PORTC.6
                 ;#define DK4     PORTC.7
                 ;
                 ;unsigned char number[10] = {0xC0, 0xF9, 0xA4, 0xB0, 0x99, 0x92, 0x82, 0xF8, 0x80, 0x90};
                 
                 	.DSEG
                 ;// Bang ma hien thi led 7 segment co dau cham
                 ;unsigned char number1[10] = {0x40, 0x79, 0x24, 0x30, 0x19, 0x12, 0x02, 0x78, 0x00, 0x10};
                 ;
                 ;unsigned char dienap;
                 ;
                 ;void show(unsigned int x) {
                 ; 0000 0012 void show(unsigned int x) {
                 
                 	.CSEG
                 _show:
                 ; .FSTART _show
                 ; 0000 0013     unsigned int temp;
                 ; 0000 0014     unsigned char arr[4], i;
                 ; 0000 0015     temp = x;
000068 93ba      	ST   -Y,R27
000069 93aa      	ST   -Y,R26
00006a 9724      	SBIW R28,4
00006b 940e 0152 	CALL __SAVELOCR4
                 ;	x -> Y+8
                 ;	temp -> R16,R17
                 ;	arr -> Y+4
                 ;	i -> R19
                +
00006d 8508     +LDD R16 , Y + 8
00006e 8519     +LDD R17 , Y + 8 + 1
                 	__GETWRS 16,17,8
                 ; 0000 0016     for (i = 0; i < 4; i++) // tach so tu duoi lên tren
00006f e030      	LDI  R19,LOW(0)
                 _0x6:
000070 3034      	CPI  R19,4
000071 f4e0      	BRSH _0x7
                 ; 0000 0017     {
                 ; 0000 0018         arr[3 - i] = temp % 10;
000072 2fe3      	MOV  R30,R19
000073 e0f0      	LDI  R31,0
000074 e0a3      	LDI  R26,LOW(3)
000075 e0b0      	LDI  R27,HIGH(3)
000076 940e 014b 	CALL __SWAPW12
000078 1bea      	SUB  R30,R26
000079 0bfb      	SBC  R31,R27
00007a 01de      	MOVW R26,R28
00007b 9614      	ADIW R26,4
00007c 0fea      	ADD  R30,R26
00007d 1ffb      	ADC  R31,R27
00007e 01bf      	MOVW R22,R30
00007f 01d8      	MOVW R26,R16
000080 e0ea      	LDI  R30,LOW(10)
000081 e0f0      	LDI  R31,HIGH(10)
000082 940e 013a 	CALL __MODW21U
000084 01db      	MOVW R26,R22
000085 93ec      	ST   X,R30
                 ; 0000 0019         temp = temp / 10;
000086 01d8      	MOVW R26,R16
000087 e0ea      	LDI  R30,LOW(10)
000088 e0f0      	LDI  R31,HIGH(10)
000089 940e 0122 	CALL __DIVW21U
00008b 018f      	MOVW R16,R30
                 ; 0000 001A     }
00008c 5f3f      	SUBI R19,-1
00008d cfe2      	RJMP _0x6
                 _0x7:
                 ; 0000 001B    // hien thi
                 ; 0000 001C    DK1 = 0;
00008e 98ac      	CBI  0x15,4
                 ; 0000 001D    PORTB = number[arr[0]];
00008f 81ec      	LDD  R30,Y+4
000090 d07a      	RCALL SUBOPT_0x0
                 ; 0000 001E    delay_ms(5);
                 ; 0000 001F    DK1 = 1;
000091 9aac      	SBI  0x15,4
                 ; 0000 0020 
                 ; 0000 0021    DK2 = 0;
000092 98ad      	CBI  0x15,5
                 ; 0000 0022    PORTB = number[arr[1]];
000093 81ed      	LDD  R30,Y+5
000094 d076      	RCALL SUBOPT_0x0
                 ; 0000 0023    delay_ms(5);
                 ; 0000 0024    DK2 = 1;
000095 9aad      	SBI  0x15,5
                 ; 0000 0025 
                 ; 0000 0026    DK3 = 0;
000096 98ae      	CBI  0x15,6
                 ; 0000 0027    PORTB = number1[arr[2]];
000097 81ee      	LDD  R30,Y+6
000098 e0f0      	LDI  R31,0
000099 59e6      	SUBI R30,LOW(-_number1)
00009a 4ffe      	SBCI R31,HIGH(-_number1)
00009b 81e0      	LD   R30,Z
00009c bbe8      	OUT  0x18,R30
                 ; 0000 0028    delay_ms(5);
00009d e0a5      	LDI  R26,LOW(5)
00009e e0b0      	LDI  R27,0
00009f 940e 0114 	CALL _delay_ms
                 ; 0000 0029    DK3 = 1;
0000a1 9aae      	SBI  0x15,6
                 ; 0000 002A 
                 ; 0000 002B    DK4 = 0;
0000a2 98af      	CBI  0x15,7
                 ; 0000 002C    PORTB = number[arr[3]];
0000a3 81ef      	LDD  R30,Y+7
0000a4 d066      	RCALL SUBOPT_0x0
                 ; 0000 002D    delay_ms(5);
                 ; 0000 002E    DK4 = 1;
0000a5 9aaf      	SBI  0x15,7
                 ; 0000 002F 
                 ; 0000 0030 }
0000a6 940e 0157 	CALL __LOADLOCR4
0000a8 962a      	ADIW R28,10
0000a9 9508      	RET
                 ; .FEND
                 ;
                 ;unsigned char adc_data[LAST_ADC_INPUT-FIRST_ADC_INPUT+1];
                 ;// Voltage Reference: AREF pin
                 ;#define ADC_VREF_TYPE ((0<<REFS1) | (0<<REFS0) | (1<<ADLAR))
                 ;
                 ;// ADC interrupt service routine
                 ;// with auto input scanning
                 ;interrupt [ADC_INT] void adc_isr(void)
                 ; 0000 0039 {
                 _adc_isr:
                 ; .FSTART _adc_isr
0000aa 938a      	ST   -Y,R24
0000ab 93aa      	ST   -Y,R26
0000ac 93ba      	ST   -Y,R27
0000ad 93ea      	ST   -Y,R30
0000ae b7ef      	IN   R30,SREG
0000af 93ea      	ST   -Y,R30
                 ; 0000 003A static unsigned char input_index=0;
                 ; 0000 003B // Read the 8 most significant bits
                 ; 0000 003C // of the AD conversion result
                 ; 0000 003D adc_data[input_index]=ADCH;
0000b0 91a0 0175 	LDS  R26,_input_index_S0000001000
0000b2 e0b0      	LDI  R27,0
0000b3 58ac      	SUBI R26,LOW(-_adc_data)
0000b4 4fbe      	SBCI R27,HIGH(-_adc_data)
0000b5 b1e5      	IN   R30,0x5
0000b6 93ec      	ST   X,R30
                 ; 0000 003E // Select next ADC input
                 ; 0000 003F if (++input_index > (LAST_ADC_INPUT-FIRST_ADC_INPUT))
0000b7 91a0 0175 	LDS  R26,_input_index_S0000001000
0000b9 5faf      	SUBI R26,-LOW(1)
0000ba 93a0 0175 	STS  _input_index_S0000001000,R26
0000bc 30a1      	CPI  R26,LOW(0x1)
0000bd f018      	BRLO _0x18
                 ; 0000 0040    input_index=0;
0000be e0e0      	LDI  R30,LOW(0)
0000bf 93e0 0175 	STS  _input_index_S0000001000,R30
                 ; 0000 0041 ADMUX=(FIRST_ADC_INPUT | ADC_VREF_TYPE)+input_index;
                 _0x18:
0000c1 91e0 0175 	LDS  R30,_input_index_S0000001000
0000c3 5ee0      	SUBI R30,-LOW(32)
0000c4 b9e7      	OUT  0x7,R30
                 ; 0000 0042 // Delay needed for the stabilization of the ADC input voltage
                 ; 0000 0043 delay_us(10);
                +
0000c5 e18b     +LDI R24 , LOW ( 27 )
                +__DELAY_USB_LOOP :
0000c6 958a     +DEC R24
0000c7 f7f1     +BRNE __DELAY_USB_LOOP
                 	__DELAY_USB 27
                 ; 0000 0044 // Start the AD conversion
                 ; 0000 0045 ADCSRA|=(1<<ADSC);
0000c8 9a36      	SBI  0x6,6
                 ; 0000 0046 }
0000c9 91e9      	LD   R30,Y+
0000ca bfef      	OUT  SREG,R30
0000cb 91e9      	LD   R30,Y+
0000cc 91b9      	LD   R27,Y+
0000cd 91a9      	LD   R26,Y+
0000ce 9189      	LD   R24,Y+
0000cf 9518      	RETI
                 ; .FEND
                 ;
                 ;void main(void)
                 ; 0000 0049 {
                 _main:
                 ; .FSTART _main
                 ; 0000 004A // Declare your local variables here
                 ; 0000 004B 
                 ; 0000 004C // Input/Output Ports initialization
                 ; 0000 004D // Port A initialization
                 ; 0000 004E // Function: Bit7=In Bit6=In Bit5=In Bit4=In Bit3=In Bit2=In Bit1=In Bit0=In
                 ; 0000 004F DDRA=(0<<DDA7) | (0<<DDA6) | (0<<DDA5) | (0<<DDA4) | (0<<DDA3) | (0<<DDA2) | (0<<DDA1) | (0<<DDA0);
0000d0 e0e0      	LDI  R30,LOW(0)
0000d1 bbea      	OUT  0x1A,R30
                 ; 0000 0050 // State: Bit7=T Bit6=T Bit5=T Bit4=T Bit3=T Bit2=T Bit1=T Bit0=T
                 ; 0000 0051 PORTA=(0<<PORTA7) | (0<<PORTA6) | (0<<PORTA5) | (0<<PORTA4) | (0<<PORTA3) | (0<<PORTA2) | (0<<PORTA1) | (0<<PORTA0);
0000d2 bbeb      	OUT  0x1B,R30
                 ; 0000 0052 
                 ; 0000 0053 // Port B initialization
                 ; 0000 0054 // Function: Bit7=Out Bit6=Out Bit5=Out Bit4=Out Bit3=Out Bit2=Out Bit1=Out Bit0=Out
                 ; 0000 0055 DDRB=(1<<DDB7) | (1<<DDB6) | (1<<DDB5) | (1<<DDB4) | (1<<DDB3) | (1<<DDB2) | (1<<DDB1) | (1<<DDB0);
0000d3 efef      	LDI  R30,LOW(255)
0000d4 bbe7      	OUT  0x17,R30
                 ; 0000 0056 // State: Bit7=1 Bit6=1 Bit5=1 Bit4=1 Bit3=1 Bit2=1 Bit1=1 Bit0=1
                 ; 0000 0057 PORTB=(1<<PORTB7) | (1<<PORTB6) | (1<<PORTB5) | (1<<PORTB4) | (1<<PORTB3) | (1<<PORTB2) | (1<<PORTB1) | (1<<PORTB0);
0000d5 bbe8      	OUT  0x18,R30
                 ; 0000 0058 
                 ; 0000 0059 // Port C initialization
                 ; 0000 005A // Function: Bit7=Out Bit6=Out Bit5=Out Bit4=Out Bit3=Out Bit2=Out Bit1=Out Bit0=Out
                 ; 0000 005B DDRC=(1<<DDC7) | (1<<DDC6) | (1<<DDC5) | (1<<DDC4) | (1<<DDC3) | (1<<DDC2) | (1<<DDC1) | (1<<DDC0);
0000d6 bbe4      	OUT  0x14,R30
                 ; 0000 005C // State: Bit7=1 Bit6=1 Bit5=1 Bit4=1 Bit3=1 Bit2=1 Bit1=1 Bit0=1
                 ; 0000 005D PORTC=(1<<PORTC7) | (1<<PORTC6) | (1<<PORTC5) | (1<<PORTC4) | (1<<PORTC3) | (1<<PORTC2) | (1<<PORTC1) | (1<<PORTC0);
0000d7 bbe5      	OUT  0x15,R30
                 ; 0000 005E 
                 ; 0000 005F // Port D initialization
                 ; 0000 0060 // Function: Bit7=In Bit6=In Bit5=In Bit4=In Bit3=In Bit2=In Bit1=In Bit0=In
                 ; 0000 0061 DDRD=(0<<DDD7) | (0<<DDD6) | (0<<DDD5) | (0<<DDD4) | (0<<DDD3) | (0<<DDD2) | (0<<DDD1) | (0<<DDD0);
0000d8 e0e0      	LDI  R30,LOW(0)
0000d9 bbe1      	OUT  0x11,R30
                 ; 0000 0062 // State: Bit7=T Bit6=T Bit5=T Bit4=T Bit3=T Bit2=T Bit1=T Bit0=T
                 ; 0000 0063 PORTD=(0<<PORTD7) | (0<<PORTD6) | (0<<PORTD5) | (0<<PORTD4) | (0<<PORTD3) | (0<<PORTD2) | (0<<PORTD1) | (0<<PORTD0);
0000da bbe2      	OUT  0x12,R30
                 ; 0000 0064 
                 ; 0000 0065 // Timer/Counter 0 initialization
                 ; 0000 0066 // Clock source: System Clock
                 ; 0000 0067 // Clock value: Timer 0 Stopped
                 ; 0000 0068 // Mode: Normal top=0xFF
                 ; 0000 0069 // OC0 output: Disconnected
                 ; 0000 006A TCCR0=(0<<WGM00) | (0<<COM01) | (0<<COM00) | (0<<WGM01) | (0<<CS02) | (0<<CS01) | (0<<CS00);
0000db bfe3      	OUT  0x33,R30
                 ; 0000 006B TCNT0=0x00;
0000dc bfe2      	OUT  0x32,R30
                 ; 0000 006C OCR0=0x00;
0000dd bfec      	OUT  0x3C,R30
                 ; 0000 006D 
                 ; 0000 006E // Timer/Counter 1 initialization
                 ; 0000 006F // Clock source: System Clock
                 ; 0000 0070 // Clock value: Timer1 Stopped
                 ; 0000 0071 // Mode: Normal top=0xFFFF
                 ; 0000 0072 // OC1A output: Disconnected
                 ; 0000 0073 // OC1B output: Disconnected
                 ; 0000 0074 // Noise Canceler: Off
                 ; 0000 0075 // Input Capture on Falling Edge
                 ; 0000 0076 // Timer1 Overflow Interrupt: Off
                 ; 0000 0077 // Input Capture Interrupt: Off
                 ; 0000 0078 // Compare A Match Interrupt: Off
                 ; 0000 0079 // Compare B Match Interrupt: Off
                 ; 0000 007A TCCR1A=(0<<COM1A1) | (0<<COM1A0) | (0<<COM1B1) | (0<<COM1B0) | (0<<WGM11) | (0<<WGM10);
0000de bdef      	OUT  0x2F,R30
                 ; 0000 007B TCCR1B=(0<<ICNC1) | (0<<ICES1) | (0<<WGM13) | (0<<WGM12) | (0<<CS12) | (0<<CS11) | (0<<CS10);
0000df bdee      	OUT  0x2E,R30
                 ; 0000 007C TCNT1H=0x00;
0000e0 bded      	OUT  0x2D,R30
                 ; 0000 007D TCNT1L=0x00;
0000e1 bdec      	OUT  0x2C,R30
                 ; 0000 007E ICR1H=0x00;
0000e2 bde7      	OUT  0x27,R30
                 ; 0000 007F ICR1L=0x00;
0000e3 bde6      	OUT  0x26,R30
                 ; 0000 0080 OCR1AH=0x00;
0000e4 bdeb      	OUT  0x2B,R30
                 ; 0000 0081 OCR1AL=0x00;
0000e5 bdea      	OUT  0x2A,R30
                 ; 0000 0082 OCR1BH=0x00;
0000e6 bde9      	OUT  0x29,R30
                 ; 0000 0083 OCR1BL=0x00;
0000e7 bde8      	OUT  0x28,R30
                 ; 0000 0084 
                 ; 0000 0085 // Timer/Counter 2 initialization
                 ; 0000 0086 // Clock source: System Clock
                 ; 0000 0087 // Clock value: Timer2 Stopped
                 ; 0000 0088 // Mode: Normal top=0xFF
                 ; 0000 0089 // OC2 output: Disconnected
                 ; 0000 008A ASSR=0<<AS2;
0000e8 bde2      	OUT  0x22,R30
                 ; 0000 008B TCCR2=(0<<PWM2) | (0<<COM21) | (0<<COM20) | (0<<CTC2) | (0<<CS22) | (0<<CS21) | (0<<CS20);
0000e9 bde5      	OUT  0x25,R30
                 ; 0000 008C TCNT2=0x00;
0000ea bde4      	OUT  0x24,R30
                 ; 0000 008D OCR2=0x00;
0000eb bde3      	OUT  0x23,R30
                 ; 0000 008E 
                 ; 0000 008F // Timer(s)/Counter(s) Interrupt(s) initialization
                 ; 0000 0090 TIMSK=(0<<OCIE2) | (0<<TOIE2) | (0<<TICIE1) | (0<<OCIE1A) | (0<<OCIE1B) | (0<<TOIE1) | (0<<OCIE0) | (0<<TOIE0);
0000ec bfe9      	OUT  0x39,R30
                 ; 0000 0091 
                 ; 0000 0092 // External Interrupt(s) initialization
                 ; 0000 0093 // INT0: Off
                 ; 0000 0094 // INT1: Off
                 ; 0000 0095 // INT2: Off
                 ; 0000 0096 MCUCR=(0<<ISC11) | (0<<ISC10) | (0<<ISC01) | (0<<ISC00);
0000ed bfe5      	OUT  0x35,R30
                 ; 0000 0097 MCUCSR=(0<<ISC2);
0000ee bfe4      	OUT  0x34,R30
                 ; 0000 0098 
                 ; 0000 0099 // USART initialization
                 ; 0000 009A // USART disabled
                 ; 0000 009B UCSRB=(0<<RXCIE) | (0<<TXCIE) | (0<<UDRIE) | (0<<RXEN) | (0<<TXEN) | (0<<UCSZ2) | (0<<RXB8) | (0<<TXB8);
0000ef b9ea      	OUT  0xA,R30
                 ; 0000 009C 
                 ; 0000 009D // Analog Comparator initialization
                 ; 0000 009E // Analog Comparator: Off
                 ; 0000 009F // The Analog Comparator's positive input is
                 ; 0000 00A0 // connected to the AIN0 pin
                 ; 0000 00A1 // The Analog Comparator's negative input is
                 ; 0000 00A2 // connected to the AIN1 pin
                 ; 0000 00A3 ACSR=(1<<ACD) | (0<<ACBG) | (0<<ACO) | (0<<ACI) | (0<<ACIE) | (0<<ACIC) | (0<<ACIS1) | (0<<ACIS0);
0000f0 e8e0      	LDI  R30,LOW(128)
0000f1 b9e8      	OUT  0x8,R30
                 ; 0000 00A4 
                 ; 0000 00A5 // ADC initialization
                 ; 0000 00A6 // ADC Clock frequency: 1000.000 kHz
                 ; 0000 00A7 // ADC Voltage Reference: AREF pin
                 ; 0000 00A8 // ADC Auto Trigger Source: Free Running
                 ; 0000 00A9 // Only the 8 most significant bits of
                 ; 0000 00AA // the AD conversion result are used
                 ; 0000 00AB ADMUX=FIRST_ADC_INPUT | ADC_VREF_TYPE;
0000f2 e2e0      	LDI  R30,LOW(32)
0000f3 b9e7      	OUT  0x7,R30
                 ; 0000 00AC ADCSRA=(1<<ADEN) | (1<<ADSC) | (1<<ADATE) | (0<<ADIF) | (1<<ADIE) | (0<<ADPS2) | (1<<ADPS1) | (1<<ADPS0);
0000f4 eeeb      	LDI  R30,LOW(235)
0000f5 b9e6      	OUT  0x6,R30
                 ; 0000 00AD SFIOR=(0<<ADTS2) | (0<<ADTS1) | (0<<ADTS0);
0000f6 e0e0      	LDI  R30,LOW(0)
0000f7 bfe0      	OUT  0x30,R30
                 ; 0000 00AE 
                 ; 0000 00AF // SPI initialization
                 ; 0000 00B0 // SPI disabled
                 ; 0000 00B1 SPCR=(0<<SPIE) | (0<<SPE) | (0<<DORD) | (0<<MSTR) | (0<<CPOL) | (0<<CPHA) | (0<<SPR1) | (0<<SPR0);
0000f8 b9ed      	OUT  0xD,R30
                 ; 0000 00B2 
                 ; 0000 00B3 // TWI initialization
                 ; 0000 00B4 // TWI disabled
                 ; 0000 00B5 TWCR=(0<<TWEA) | (0<<TWSTA) | (0<<TWSTO) | (0<<TWEN) | (0<<TWIE);
0000f9 bfe6      	OUT  0x36,R30
                 ; 0000 00B6 
                 ; 0000 00B7 // Global enable interrupts
                 ; 0000 00B8 #asm("sei")
0000fa 9478      	sei
                 ; 0000 00B9 
                 ; 0000 00BA while (1)
                 _0x19:
                 ; 0000 00BB       {
                 ; 0000 00BC         dienap = (50 * adc_data[0]) / 255;
0000fb 91e0 0174 	LDS  R30,_adc_data
0000fd e3a2      	LDI  R26,LOW(50)
0000fe 9fea      	MUL  R30,R26
0000ff 01f0      	MOVW R30,R0
000100 01df      	MOVW R26,R30
000101 efef      	LDI  R30,LOW(255)
000102 e0f0      	LDI  R31,HIGH(255)
000103 940e 0135 	CALL __DIVW21
000105 2e5e      	MOV  R5,R30
                 ; 0000 00BD         show(dienap);
000106 2da5      	MOV  R26,R5
000107 27bb      	CLR  R27
000108 df5f      	RCALL _show
                 ; 0000 00BE 
                 ; 0000 00BF       }
000109 cff1      	RJMP _0x19
                 ; 0000 00C0 }
                 _0x1C:
00010a cfff      	RJMP _0x1C
                 ; .FEND
                 
                 	.DSEG
                 _number:
000160           	.BYTE 0xA
                 _number1:
00016a           	.BYTE 0xA
                 _adc_data:
000174           	.BYTE 0x1
                 _input_index_S0000001000:
000175           	.BYTE 0x1
                 
                 	.CSEG
                 ;OPTIMIZER ADDED SUBROUTINE, CALLED 3 TIMES, CODE SIZE REDUCTION:11 WORDS
                 SUBOPT_0x0:
00010b e0f0      	LDI  R31,0
00010c 5ae0      	SUBI R30,LOW(-_number)
00010d 4ffe      	SBCI R31,HIGH(-_number)
00010e 81e0      	LD   R30,Z
00010f bbe8      	OUT  0x18,R30
000110 e0a5      	LDI  R26,LOW(5)
000111 e0b0      	LDI  R27,0
000112 940c 0114 	JMP  _delay_ms
                 
                 
                 	.CSEG
                 _delay_ms:
000114 9610      	adiw r26,0
000115 f039      	breq __delay_ms1
                 __delay_ms0:
                +
000116 ed80     +LDI R24 , LOW ( 0x7D0 )
000117 e097     +LDI R25 , HIGH ( 0x7D0 )
                +__DELAY_USW_LOOP :
000118 9701     +SBIW R24 , 1
000119 f7f1     +BRNE __DELAY_USW_LOOP
                 	__DELAY_USW 0x7D0
00011a 95a8      	wdr
00011b 9711      	sbiw r26,1
00011c f7c9      	brne __delay_ms0
                 __delay_ms1:
00011d 9508      	ret
                 
                 __ANEGW1:
00011e 95f1      	NEG  R31
00011f 95e1      	NEG  R30
000120 40f0      	SBCI R31,0
000121 9508      	RET
                 
                 __DIVW21U:
000122 2400      	CLR  R0
000123 2411      	CLR  R1
000124 e190      	LDI  R25,16
                 __DIVW21U1:
000125 0faa      	LSL  R26
000126 1fbb      	ROL  R27
000127 1c00      	ROL  R0
000128 1c11      	ROL  R1
000129 1a0e      	SUB  R0,R30
00012a 0a1f      	SBC  R1,R31
00012b f418      	BRCC __DIVW21U2
00012c 0e0e      	ADD  R0,R30
00012d 1e1f      	ADC  R1,R31
00012e c001      	RJMP __DIVW21U3
                 __DIVW21U2:
00012f 60a1      	SBR  R26,1
                 __DIVW21U3:
000130 959a      	DEC  R25
000131 f799      	BRNE __DIVW21U1
000132 01fd      	MOVW R30,R26
000133 01d0      	MOVW R26,R0
000134 9508      	RET
                 
                 __DIVW21:
000135 d007      	RCALL __CHKSIGNW
000136 dfeb      	RCALL __DIVW21U
000137 f40e      	BRTC __DIVW211
000138 dfe5      	RCALL __ANEGW1
                 __DIVW211:
000139 9508      	RET
                 
                 __MODW21U:
00013a dfe7      	RCALL __DIVW21U
00013b 01fd      	MOVW R30,R26
00013c 9508      	RET
                 
                 __CHKSIGNW:
00013d 94e8      	CLT
00013e fff7      	SBRS R31,7
00013f c002      	RJMP __CHKSW1
000140 dfdd      	RCALL __ANEGW1
000141 9468      	SET
                 __CHKSW1:
000142 ffb7      	SBRS R27,7
000143 c006      	RJMP __CHKSW2
000144 95a0      	COM  R26
000145 95b0      	COM  R27
000146 9611      	ADIW R26,1
000147 f800      	BLD  R0,0
000148 9403      	INC  R0
000149 fa00      	BST  R0,0
                 __CHKSW2:
00014a 9508      	RET
                 
                 __SWAPW12:
00014b 2e1b      	MOV  R1,R27
00014c 2fbf      	MOV  R27,R31
00014d 2df1      	MOV  R31,R1
                 
                 __SWAPB12:
00014e 2e1a      	MOV  R1,R26
00014f 2fae      	MOV  R26,R30
000150 2de1      	MOV  R30,R1
000151 9508      	RET
                 
                 __SAVELOCR4:
000152 933a      	ST   -Y,R19
                 __SAVELOCR3:
000153 932a      	ST   -Y,R18
                 __SAVELOCR2:
000154 931a      	ST   -Y,R17
000155 930a      	ST   -Y,R16
000156 9508      	RET
                 
                 __LOADLOCR4:
000157 813b      	LDD  R19,Y+3
                 __LOADLOCR3:
000158 812a      	LDD  R18,Y+2
                 __LOADLOCR2:
000159 8119      	LDD  R17,Y+1
00015a 8108      	LD   R16,Y
00015b 9508      	RET
                 
                 ;END OF CODE MARKER
                 __END_OF_CODE:


RESOURCE USE INFORMATION
------------------------

Notice:
The register and instruction counts are symbol table hit counts,
and hence implicitly used resources are not counted, eg, the
'lpm' instruction without operands implicitly uses r0 and z,
none of which are counted.

x,y,z are separate entities in the symbol table and are
counted separately from r26..r31 here.

.dseg memory usage only counts static data declared with .byte

ATmega16 register use summary:
r0 :  13 r1 :   9 r2 :   0 r3 :   0 r4 :   0 r5 :   2 r6 :   0 r7 :   0 
r8 :   0 r9 :   0 r10:   0 r11:   0 r12:   0 r13:   0 r14:   0 r15:   0 
r16:   6 r17:   3 r18:   2 r19:   6 r20:   0 r21:   0 r22:   4 r23:   0 
r24:  13 r25:   5 r26:  37 r27:  18 r28:   4 r29:   1 r30: 100 r31:  20 
x  :   5 y  :  26 z  :   9 
Registers used: 19 out of 35 (54.3%)

ATmega16 instruction use summary:
.lds  :   0 .lds.l:   0 .sts  :   0 .sts.l:   0 adc   :   2 add   :   2 
adiw  :   4 and   :   0 andi  :   0 asr   :   0 bclr  :   0 bld   :   1 
brbc  :   0 brbs  :   0 brcc  :   1 brcs  :   0 break :   0 breq  :   2 
brge  :   0 brhc  :   0 brhs  :   0 brid  :   0 brie  :   0 brlo  :   1 
brlt  :   0 brmi  :   0 brne  :   7 brpl  :   0 brsh  :   1 brtc  :   1 
brts  :   0 brvc  :   0 brvs  :   0 bset  :   0 bst   :   1 call  :   7 
cbi   :   4 cbr   :   0 clc   :   0 clh   :   0 cli   :   1 cln   :   0 
clr   :   5 cls   :   0 clt   :   1 clv   :   0 clz   :   0 com   :   2 
cp    :   0 cpc   :   0 cpi   :   2 cpse  :   0 dec   :   3 des   :   0 
eor   :   0 fmul  :   0 fmuls :   0 fmulsu:   0 icall :   0 ijmp  :   0 
in    :   2 inc   :   1 jmp   :  23 ld    :   8 ldd   :   9 ldi   :  42 
lds   :   4 lpm   :   7 lsl   :   1 lsr   :   0 mov   :   9 movw  :  14 
mul   :   1 muls  :   0 mulsu :   0 neg   :   2 nop   :   0 or    :   0 
ori   :   0 out   :  45 pop   :   0 push  :   0 rcall :   9 ret   :  10 
reti  :   1 rjmp  :   7 rol   :   3 ror   :   0 sbc   :   2 sbci  :   4 
sbi   :   5 sbic  :   0 sbis  :   0 sbiw  :   6 sbr   :   1 sbrc  :   0 
sbrs  :   2 sec   :   0 seh   :   0 sei   :   1 sen   :   0 ser   :   0 
ses   :   0 set   :   1 sev   :   0 sez   :   0 sleep :   0 spm   :   0 
st    :  16 std   :   0 sts   :   2 sub   :   2 subi  :   6 swap  :   0 
tst   :   0 wdr   :   1 
Instructions used: 51 out of 116 (44.0%)

ATmega16 memory use summary [bytes]:
Segment   Begin    End      Code   Data   Used    Size   Use%
---------------------------------------------------------------
[.cseg] 0x000000 0x0002b8    662     34    696   16384   4.2%
[.dseg] 0x000060 0x000176      0     22     22    1024   2.1%
[.eseg] 0x000000 0x000000      0      0      0     512   0.0%

Assembly complete, 0 errors, 1 warnings
